testcases/prv_transaction/test_dex.py::test_dex::test_DEX02_bulkSwap 

  [INFO] 
test_DEX02_bulkSwap

[STEP 0] Checking balance
  [INFO] Privatekey_alias                  : ['3szdfw', '62qNPS', '7mZuwH', 'adbBmu', 'Kr1gW6', 'doVfG2', 'cPyqop', 'ebhZUY', 'JXs3NS', 'pgaCeE']
  [INFO] 797d79 balance before trade       : [88112, 88185, 88126, 88156, 88090, 88038, 88005, 87958, 88007, 87923]
  [INFO] 562f2b balance before trade       : [747, 750, 751, 753, 755, 757, 759, 760, 758, 756]
  [INFO] Rate of 797d79-562f2b is: 474684-120542
  [INFO] Rate 797d79 vs 562f2b - Before Trade : [474684, 120542]
[STEP 2] trade 797d79 at same time
  [INFO] Transaction id list               : ['5831ea413b96acf9f125de5daca6b0c9f9811f94f0e8303fddbdd63ba42a447a', '84b176574f0a5c816b985eb70ac9ff360ca0c49632277a085aed3583a9f1fbc4', '8fad046309f00d2e61fe1b171e52ef989837cc7deaa6c3f03e7b73cc5af3525e', 'acdf0f67a55addaf9fd8c5448cd6ced1f8439c624e1795d0239c30f203c3fe99', '1c989e2f09f6bfa766eb16b6facef4a6c43d8976b04ac47a047b8888ffd84a26', 'b1c42aed21dfc0d1c66cf4088ee5b82ba95720e41e9f525acf45fe2e5d68a0bf', '17d70af22235678701e53d2257cbfca1ade3cd454bd56be78c8b17a91737161e', 'a11a409a5881c3160d185cc62f44e3c08341988923849f27aec2c250a56108ac', '20dc6d93e54bad4f7271892166b622af9fdb1e989dbd3597b2e22cd86bb2be92', '5dc26426e97fd209b60307dd92852fa83e62ef604a2f4e81bd01ad46fff6d76d']
[STEP 3] Wait for Tx to be confirmed
2a447a
shardid: 0
  [WAIT] 5second(s)
f1fbc4
f3525e
c3fe99
d84a26
68a0bf
37161e
6108ac
b2be92
f6d76d
[STEP 4] CHECK BALANCE AFTER
  [WAIT] 5second(s)
  [WAIT] 5second(s)
  [WAIT] 5second(s)
  [WAIT] 5second(s)
  [WAIT] 5second(s)
  [WAIT] 5second(s)
  [WAIT] 5second(s)
  [INFO] Privatekey_alias                  : ['3szdfw', '62qNPS', '7mZuwH', 'adbBmu', 'Kr1gW6', 'doVfG2', 'cPyqop', 'ebhZUY', 'JXs3NS', 'pgaCeE']
  [INFO] 797d79 balance after trade        : [87501, 87563, 87493, 87512, 87435, 87372, 87328, 87270, 87308, 87213]
  [INFO] 562f2b balance after trade        : [895, 898, 900, 902, 905, 907, 909, 911, 909, 908]
[STEP 5] Check rate 797d79 vs 562f2b
  [INFO] Rate of 797d79-562f2b is: 481289-119044
  [INFO] rate 797d79 vs 562f2b - After Trade  : [481289, 119044]
[STEP 6] Double check the algorithm 
Trade Priority: [54.54545454545455, 27.272727272727273, 18.181818181818183, 13.636363636363637, 10.909090909090908, 9.090909090909092, 7.792207792207792, 6.818181818181818, 6.0606060606060606, 5.454545454545454]
Sort order: [9, 8, 7, 6, 5, 4, 3, 2, 1, 0]
9--
-actual received amount:152
8--
-actual received amount:151
7--
-actual received amount:151
6--
-actual received amount:150
5--
-actual received amount:150
4--
-actual received amount:150
3--
-actual received amount:149
2--
-actual received amount:149
1--
-actual received amount:148
0--
-actual received amount:148
  [INFO] result_797d79 : ['0Trade_True', '1Trade_True', '2Trade_True', '3Trade_True', '4Trade_True', '5Trade_True', '6Trade_True', '7Trade_True', '8Trade_True', '9Trade_True']
  [INFO] result_562f2b : ['0Received_True', '1Received_True', '2Received_True', '3Received_True', '4Received_True', '5Received_True', '6Received_True', '7Received_True', '8Received_True', '9Received_True']
  [INFO] rate 797d79 vs 562f2b - Before Trade   : [474684, 120542]
  [INFO] rate 797d79 vs 562f2b - After Trade    : [481289, 119044]
  [INFO] rate 797d79 vs 562f2b - Calulated Trade: [481289, 119044]
  [INFO] Pair Rate is correct
PASSED