collected 1 item                                                                                                                                                                                                                           

testcases/prv_transaction/test_dex.py::test_dex::test_DEX02_bulkSwap 

  [INFO] 
test_DEX02_bulkSwap

[STEP 0] Checking balance
  [INFO] Privatekey_alias                  : ['3szdfw', '62qNPS', '7mZuwH', 'adbBmu', 'Kr1gW6', 'doVfG2', 'cPyqop', 'ebhZUY', 'JXs3NS', 'pgaCeE']
  [INFO] 797d79 balance before trade       : [86890, 86864, 86860, 86835, 86780, 86706, 86684, 86582, 86686, 86503]
  [INFO] 562f2b balance before trade       : [1039, 1045, 1045, 1049, 1051, 1053, 1054, 1058, 1054, 1056]
  [INFO] Rate of 797d79-562f2b is: 487894-117584
  [INFO] Rate 797d79 vs 562f2b - Before Trade : [487894, 117584]
[STEP 2] trade 797d79 at same time
  [INFO] Transaction id list               : ['9e28ec4f460950d6a353ee4f348db0cd135db589562b6d473f83166f2d311685', 'a484e8b80a5f2d570e4bc45ea851529090d47abb883201cef747f3abf0c454bc', '836aff4798bc76b788e94b839cf1c169510a75f1e6f75094e1d3654ccfecd456', '05a86c07dd0f81b6095c39d41ad19654d06767ffd32e6f1942d6855d763a4bf1', '20c93228603516e01ad0edaa495c169adf556db4f54053e60702f0dbfbbe2218', '54d67f7cf5fcbb0e35ea17c8620826792a2f36f19ec8da5c5aa222ac70aaffc9', '45b591e194807ac2ec22c0d79301e0f2f12edec99834086a9884490249d02b40', '6279f390ac07248c51c231b5e124df163de6e7ad0c1a0a182fcad4470f9aa50d', '311614ab7d3aa223bc3a40098c6a09732d55883e257c1fb4e78d7960101de9e7', '4eea4cf962aa36c1e4558f394bd85f81ffc604c0712bba4df212d24f276ac3b6']
[STEP 3] Wait for Tx to be confirmed
311685
shardid: 0
  [WAIT] 5second(s)
c454bc
ecd456
3a4bf1
be2218
aaffc9
d02b40
9aa50d
1de9e7
6ac3b6
[STEP 4] CHECK BALANCE AFTER
  [WAIT] 5second(s)
  [WAIT] 5second(s)
  [WAIT] 5second(s)
  [WAIT] 5second(s)
  [WAIT] 5second(s)
  [WAIT] 5second(s)
  [WAIT] 5second(s)
  [INFO] Privatekey_alias                  : ['3szdfw', '62qNPS', '7mZuwH', 'adbBmu', 'Kr1gW6', 'doVfG2', 'cPyqop', 'ebhZUY', 'JXs3NS', 'pgaCeE']
  [INFO] 797d79 balance after trade        : [86279, 86165, 86227, 86158, 86092, 86040, 86040, 85927, 86064, 85793]
  [INFO] 562f2b balance after trade        : [1180, 1189, 1186, 1192, 1194, 1195, 1196, 1200, 1195, 1200]
[STEP 5] Check rate 797d79 vs 562f2b
  [INFO] Rate of 797d79-562f2b is: 494499-116161
  [INFO] rate 797d79 vs 562f2b - After Trade  : [494499, 116161]
[STEP 6] Double check the algorithm 
Trade Priority: [54.54545454545455, 6.0606060606060606, 18.181818181818183, 7.792207792207792, 6.818181818181818, 9.090909090909092, 13.636363636363637, 10.909090909090908, 27.272727272727273, 5.454545454545454]
Sort order: [9, 1, 4, 3, 5, 7, 6, 2, 8, 0]
9--
-actual received amount:144
1--
-actual received amount:144
4--
-actual received amount:143
3--
-actual received amount:143
5--
-actual received amount:142
7--
-actual received amount:142
6--
-actual received amount:142
2--
-actual received amount:141
8--
-actual received amount:141
0--
-actual received amount:141
  [INFO] result_797d79 : ['0Trade_True', '1Trade_True', '2Trade_True', '3Trade_True', '4Trade_True', '5Trade_True', '6Trade_True', '7Trade_True', '8Trade_True', '9Trade_True']
  [INFO] result_562f2b : ['0Received_True', '1Received_True', '2Received_True', '3Received_True', '4Received_True', '5Received_True', '6Received_True', '7Received_True', '8Received_True', '9Received_True']
  [INFO] rate 797d79 vs 562f2b - Before Trade   : [487894, 117584]
  [INFO] rate 797d79 vs 562f2b - After Trade    : [494499, 116161]
  [INFO] rate 797d79 vs 562f2b - Calulated Trade: [494499, 116161]
  [INFO] Pair Rate is correct
PASSED