testcases/prv_transaction/test_dex.py::test_dex::test_DEX02_bulkSwap 

  [INFO] 
test_DEX02_bulkSwap

[STEP 0] Checking balance
  [INFO] Privatekey_alias                  : ['3szdfw', '62qNPS', '7mZuwH', 'adbBmu', 'Kr1gW6', 'doVfG2', 'cPyqop', 'ebhZUY', 'JXs3NS', 'pgaCeE']
  [INFO] 797d79 balance before trade       : [86279, 86165, 86227, 86158, 86092, 86040, 86040, 85927, 86064, 85793]
  [INFO] 562f2b balance before trade       : [1180, 1189, 1186, 1192, 1194, 1195, 1196, 1200, 1195, 1200]
  [INFO] Rate of 797d79-562f2b is: 494499-116161
  [INFO] Rate 797d79 vs 562f2b - Before Trade : [494499, 116161]
[STEP 2] trade 797d79 at same time
  [INFO] Transaction id list               : ['47f4cecac6673d543e801342ee455ea6cceb8306ff7d015526ae47692585316e', 'a759add33222cd648358b1a2594065ac6f13e179e108aa51365d797ea2706825', 'eff8ada6cb845161c1905f485ef637c6e76c1f49c3ca60df9929aee8622a327c', 'e0bc8971e10fb5cc65155136bc5c145c6ab6ac4f13a69a01f971eb63e9db49ca', '0d5971ac14866803b94fba0188cec899eea35974e0f27f90d43c1f19eaee29be', 'f42fd468af12aea4269c63a5ddcf6ebc75cf305f9a1c5b7ca8dfa989f26deee5', '594f1b5fe6b1e7e15f895197ce9b36d6314e4ea96433136f5da5319b478c221d', '1c35a070111681d8686bc5b789060844fb3f15b6fbff09294c6fb39f957de773', 'a716f2dde2a38d0ad45dc365c5660a346dbd57ec6f1d18ea5bc74549d036b63a', '2556046834da7d7f9f3cc3c2f1fdd89014207e502ef43ee96461f513dfbdf763']
[STEP 3] Wait for Tx to be confirmed
85316e
shardid: 0
  [WAIT] 5second(s)
706825
2a327c
db49ca
ee29be
6deee5
8c221d
7de773
36b63a
bdf763
[STEP 4] CHECK BALANCE AFTER
  [WAIT] 5second(s)
  [WAIT] 5second(s)
  [WAIT] 5second(s)
  [WAIT] 5second(s)
  [WAIT] 5second(s)
  [WAIT] 5second(s)
  [WAIT] 5second(s)
  [INFO] Privatekey_alias                  : ['3szdfw', '62qNPS', '7mZuwH', 'adbBmu', 'Kr1gW6', 'doVfG2', 'cPyqop', 'ebhZUY', 'JXs3NS', 'pgaCeE']
  [INFO] 797d79 balance after trade        : [76167, 75965, 76093, 75980, 75903, 75873, 75895, 75771, 75941, 75582]
  [INFO] 562f2b balance after trade        : [2842, 3422, 2968, 3257, 3341, 3183, 3043, 3116, 2916, 3525]
[STEP 5] Check rate 797d79 vs 562f2b
  [INFO] Rate of 797d79-562f2b is: 596114-96475
  [INFO] rate 797d79 vs 562f2b - After Trade  : [596114, 96475]
[STEP 6] Double check the algorithm 
Trade Priority: [918.2727272727273, 102.03030303030303, 306.09090909090907, 131.1818181818182, 114.7840909090909, 153.04545454545453, 229.5681818181818, 183.65454545454546, 459.1363636363636, 91.82727272727273]
Sort order: [9, 1, 4, 3, 5, 7, 6, 2, 8, 0]
9--
-actual received amount:2325
1--
-actual received amount:2233
4--
-actual received amount:2147
3--
-actual received amount:2065
5--
-actual received amount:1988
7--
-actual received amount:1916
6--
-actual received amount:1847
2--
-actual received amount:1782
8--
-actual received amount:1721
0--
-actual received amount:1662
  [INFO] result_797d79 : ['0Trade_True', '1Trade_True', '2Trade_True', '3Trade_True', '4Trade_True', '5Trade_True', '6Trade_True', '7Trade_True', '8Trade_True', '9Trade_True']
  [INFO] result_562f2b : ['0Received_True', '1Received_True', '2Received_True', '3Received_True', '4Received_True', '5Received_True', '6Received_True', '7Received_True', '8Received_True', '9Received_True']
  [INFO] rate 797d79 vs 562f2b - Before Trade   : [494499, 116161]
  [INFO] rate 797d79 vs 562f2b - After Trade    : [596114, 96475]
  [INFO] rate 797d79 vs 562f2b - Calulated Trade: [596114, 96475]
  [INFO] Pair Rate is correct
PASSED
