testcases/prv_transaction/test_dex.py::test_dex::test_DEX02_bulkSwap 

  [INFO] 
test_DEX02_bulkSwap

[STEP 0] Checking balance
  [INFO] Privatekey_alias                  : ['3szdfw', '62qNPS', '7mZuwH', 'adbBmu', 'Kr1gW6', 'doVfG2', 'cPyqop', 'ebhZUY', 'JXs3NS', 'pgaCeE']
  [INFO] 797d79 balance before trade       : [87501, 87563, 87493, 87512, 87435, 87372, 87328, 87270, 87308, 87213]
  [INFO] 562f2b balance before trade       : [895, 898, 900, 902, 905, 907, 909, 911, 909, 908]
  [INFO] Rate of 797d79-562f2b is: 481289-119044
  [INFO] Rate 797d79 vs 562f2b - Before Trade : [481289, 119044]
[STEP 2] trade 797d79 at same time
  [INFO] Transaction id list               : ['38b6c8dff5f06577baa18878a3fa7c9d0d345ae6d0f66360aacf8ea82dda8df3', '6a566fe2f1790564f9ef4f26c9714317cc66a07057578ea58bde0d9420d5d14b', 'd9ce55721c3cf098959f811a12f83a05d6dcbd084dac8465d8bae704f32a50d5', '8434fd2c07382ae2ce549d2f2cb8021f1b1c9740b15f2f7850b07f2167aa07ce', '66aadfb0932d42f78014f8552551b59d7d3c90e957b31903ba206f8874a7928c', '21dd50da96732fe774e041258173ef10bdedbbcafc35fe82224432f17956da16', '69d6730b16e552863264eabc6d14bd376813910c0e3fad65810f3abde4599338', '16634e1e5e12b4e8c30fc27c00fc1bae81123c4d25eedcce8db682216a1ead62', '7c4f3e823fef58a69a66347370ac21aea3becff99307f18e095069035d0f85a3', 'dda78ae10587babaa934247ed887ef18a5873664114a1740c08f279c71bebca2']
[STEP 3] Wait for Tx to be confirmed
da8df3
shardid: 0
  [WAIT] 5second(s)
d5d14b
2a50d5
aa07ce
a7928c
56da16
599338
1ead62
0f85a3
bebca2
[STEP 4] CHECK BALANCE AFTER
  [WAIT] 5second(s)
  [WAIT] 5second(s)
  [WAIT] 5second(s)
  [WAIT] 5second(s)
  [WAIT] 5second(s)
  [WAIT] 5second(s)
  [WAIT] 5second(s)
  [INFO] Privatekey_alias                  : ['3szdfw', '62qNPS', '7mZuwH', 'adbBmu', 'Kr1gW6', 'doVfG2', 'cPyqop', 'ebhZUY', 'JXs3NS', 'pgaCeE']
  [INFO] 797d79 balance after trade        : [86890, 86864, 86860, 86835, 86780, 86706, 86684, 86582, 86686, 86503]
  [INFO] 562f2b balance after trade        : [1039, 1045, 1045, 1049, 1051, 1053, 1054, 1058, 1054, 1056]
[STEP 5] Check rate 797d79 vs 562f2b
  [INFO] Rate of 797d79-562f2b is: 487894-117584
  [INFO] rate 797d79 vs 562f2b - After Trade  : [487894, 117584]
[STEP 6] Double check the algorithm 
Trade Priority: [54.54545454545455, 6.0606060606060606, 18.181818181818183, 7.792207792207792, 10.909090909090908, 9.090909090909092, 13.636363636363637, 6.818181818181818, 27.272727272727273, 5.454545454545454]
Sort order: [9, 1, 7, 3, 5, 4, 6, 2, 8, 0]
9--
-actual received amount:148
1--
-actual received amount:147
7--
-actual received amount:147
3--
-actual received amount:147
5--
-actual received amount:146
4--
-actual received amount:146
6--
-actual received amount:145
2--
-actual received amount:145
8--
-actual received amount:145
0--
-actual received amount:144
  [INFO] result_797d79 : ['0Trade_True', '1Trade_True', '2Trade_True', '3Trade_True', '4Trade_True', '5Trade_True', '6Trade_True', '7Trade_True', '8Trade_True', '9Trade_True']
  [INFO] result_562f2b : ['0Received_True', '1Received_True', '2Received_True', '3Received_True', '4Received_True', '5Received_True', '6Received_True', '7Received_True', '8Received_True', '9Received_True']
  [INFO] rate 797d79 vs 562f2b - Before Trade   : [481289, 119044]
  [INFO] rate 797d79 vs 562f2b - After Trade    : [487894, 117584]
  [INFO] rate 797d79 vs 562f2b - Calulated Trade: [487894, 117584]
  [INFO] Pair Rate is correct
PASSED