Nov09 22:59:22 - /Users/khanhlh/Documents/github/incognito-chain-testing/libs/DecentralizedExchange.py - WARNING: Unexpected error
Nov09 23:01:24 - /Users/khanhlh/Documents/github/incognito-chain-testing/libs/DecentralizedExchange.py - WARNING: Unexpected error
Nov09 23:03:07 - /Users/khanhlh/Documents/github/incognito-chain-testing/libs/DecentralizedExchange.py - WARNING: Unexpected error
Nov09 23:04:00 - /Users/khanhlh/Documents/github/incognito-chain-testing/libs/DecentralizedExchange.py - WARNING: Unexpected error
Nov09 23:05:02 - /Users/khanhlh/Documents/github/incognito-chain-testing/libs/DecentralizedExchange.py - DEBUG: {
	"Id": 1,
	"Result": null,
	"Error": {
		"Code": -1,
		"Message": "Unexpected error",
		"StackTrace": "-1: -1003: receivers param is invalid\nInvalid parameters\ngithub.com/incognitochain/incognito-chain/rpcserver/rpcservice.NewRPCError\n\t/root/go/src/github.com/incognitochain/incognito-chain/rpcserver/rpcservice/error.go:149\ngithub.com/incognitochain/incognito-chain/rpcserver/rpcservice.TxService.BuildRawPrivacyCustomTokenTransaction\n\t/root/go/src/github.com/incognitochain/incognito-chain/rpcserver/rpcservice/txservice.go:683\ngithub.com/incognitochain/incognito-chain/rpcserver.(*HttpServer).handleCreateRawTxWithPTokenContribution\n\t/root/go/src/github.com/incognitochain/incognito-chain/rpcserver/http_pde.go:100\ngithub.com/incognitochain/incognito-chain/rpcserver.(*HttpServer).handleCreateAndSendTxWithPTokenContribution\n\t/root/go/src/github.com/incognitochain/incognito-chain/rpcserver/http_pde.go:119\ngithub.com/incognitochain/incognito-chain/rpcserver.(*HttpServer).ProcessRpcRequest\n\t/root/go/src/github.com/incognitochain/incognito-chain/rpcserver/http.go:271\ngithub.com/incognitochain/incognito-chain/rpcserver.(*HttpServer).handleRequest.func2\n\t/root/go/src/github.com/incognitochain/incognito-chain/rpcserver/http.go:176\nruntime.goexit\n\t/usr/local/go/src/runtime/asm_amd64.s:1337 \nUnexpected error\ngithub.com/incognitochain/incognito-chain/rpcserver/rpcservice.NewRPCError\n\t/root/go/src/github.com/incognitochain/incognito-chain/rpcserver/rpcservice/error.go:149\ngithub.com/incognitochain/incognito-chain/rpcserver.(*HttpServer).handleCreateAndSendTxWithPTokenContribution\n\t/root/go/src/github.com/incognitochain/incognito-chain/rpcserver/http_pde.go:121\ngithub.com/incognitochain/incognito-chain/rpcserver.(*HttpServer).ProcessRpcRequest\n\t/root/go/src/github.com/incognitochain/incognito-chain/rpcserver/http.go:271\ngithub.com/incognitochain/incognito-chain/rpcserver.(*HttpServer).handleRequest.func2\n\t/root/go/src/github.com/incognitochain/incognito-chain/rpcserver/http.go:176\nruntime.goexit\n\t/usr/local/go/src/runtime/asm_amd64.s:1337 "
	},
	"Params": [
		"112t8rnX6ThEU1nYpyYeerYU47EmrTA1AWJguAAbJLyot8ETdUydT4yT4zahyyme78bAAbNZmhzHGva57b7XTf6BFiA9uzGiQMdxFfSGDdwi",
		"",
		100,
		-1,
		{
			"ContributedAmount": 10000,
			"ContributorAddressStr": "12RxiiobVPEoo4djdueSsDcT79BgcBQtiZfwMTwTt9a6tfN9gEbsor7BgxsHxb8DeufMo2BTDxn11wnm3ANDHGL1e8Y7NXWZmQLMiLC",
			"PDEContributionPairID": "usdtp5_1btcp",
			"Privacy": true,
			"TokenAmount": 10000,
			"TokenFee": 0,
			"TokenID": "befcfc4b55cadbdd8bbca83ebb0fe8d4c4321c5f9a792923d7860aaec0b0d5e0",
			"TokenIDStr": "befcfc4b55cadbdd8bbca83ebb0fe8d4c4321c5f9a792923d7860aaec0b0d5e0",
			"TokenName": "",
			"TokenReceivers": {
				"15pABFiJVeh9D5uiQEhQX4SVibGGbdAVipQxBdxkmDqAJaoG1EdFKHBrNfs": 10000
			},
			"TokenSymbol": "",
			"TokenTxType": 1
		},
		"",
		0
	],
	"Method": "createandsendtxwithptokencontribution",
	"Jsonrpc": "1.0"
}

Nov09 23:05:02 - /Users/khanhlh/Documents/github/incognito-chain-testing/libs/DecentralizedExchange.py - WARNING: Unexpected error
